06:21:42.160 [main] DEBUG tests.LoginTest - The browser got launched
06:21:46.332 [main] DEBUG tests.LoginTest - Navigated to application url
06:21:46.483 [main] DEBUG tests.LoginTest - Clicked on myaccount dropdown
06:21:46.875 [main] DEBUG tests.LoginTest - Clicked on login option
06:21:49.994 [main] DEBUG tests.LoginTest - Email adress got entered
06:21:50.076 [main] DEBUG tests.LoginTest - Password got entered
06:21:50.914 [main] DEBUG tests.LoginTest - Login button got entered
06:21:51.005 [main] DEBUG tests.LoginTest - Login test got passed
06:21:51.112 [main] DEBUG tests.LoginTest - Browser got closed
06:35:10.495 [main] DEBUG tests.LoginTest - The browser got launched
06:35:14.478 [main] DEBUG tests.LoginTest - Navigated to application url
06:35:14.590 [main] DEBUG tests.LoginTest - Clicked on myaccount dropdown
06:35:14.917 [main] DEBUG tests.LoginTest - Clicked on login option
06:35:18.025 [main] DEBUG tests.LoginTest - Email adress got entered
06:35:18.108 [main] DEBUG tests.LoginTest - Password got entered
06:35:18.741 [main] DEBUG tests.LoginTest - Login button got entered
06:35:18.831 [main] DEBUG tests.LoginTest - Login test got passed
06:35:18.918 [main] DEBUG tests.LoginTest - Browser got closed
06:36:25.198 [main] DEBUG tests.LoginTest - The browser got launched
06:36:27.781 [main] DEBUG tests.LoginTest - Navigated to application url
06:36:27.919 [main] DEBUG tests.LoginTest - Clicked on myaccount dropdown
06:36:29.064 [main] DEBUG tests.LoginTest - Clicked on login option
06:36:32.178 [main] DEBUG tests.LoginTest - Email adress got entered
06:36:32.263 [main] DEBUG tests.LoginTest - Password got entered
06:36:32.868 [main] DEBUG tests.LoginTest - Login button got entered
06:36:32.960 [main] DEBUG tests.LoginTest - Login test got passed
06:36:33.097 [main] DEBUG tests.LoginTest - Browser got closed
06:48:21.248 [main] DEBUG tests.LoginTest - The browser got launched
06:48:26.695 [main] DEBUG tests.LoginTest - Navigated to application url
06:48:26.832 [main] DEBUG tests.LoginTest - Clicked on myaccount dropdown
06:48:27.275 [main] DEBUG tests.LoginTest - Clicked on login option
06:48:30.409 [main] DEBUG tests.LoginTest - Email adress got entered
06:48:30.491 [main] DEBUG tests.LoginTest - Password got entered
06:48:31.158 [main] DEBUG tests.LoginTest - Login button got entered
06:48:31.272 [main] DEBUG tests.LoginTest - Login test got passed
06:48:31.431 [main] DEBUG tests.LoginTest - Browser got closed
14:48:21.762 [main] DEBUG tests.LoginTest - The browser got launched
14:48:23.540 [main] DEBUG tests.LoginTest - Navigated to application url
14:48:23.695 [main] DEBUG tests.LoginTest - Clicked on myaccount dropdown
14:48:24.175 [main] DEBUG tests.LoginTest - Clicked on login option
14:48:27.284 [main] DEBUG tests.LoginTest - Email adress got entered
14:48:27.363 [main] DEBUG tests.LoginTest - Password got entered
14:48:27.880 [main] DEBUG tests.LoginTest - Login button got entered
14:48:27.954 [main] DEBUG tests.LoginTest - Login test got passed
14:48:28.052 [main] DEBUG tests.LoginTest - Browser got closed
21:09:34.064 [main] DEBUG tests.LoginTest - The browser got launched
21:09:37.976 [main] DEBUG tests.LoginTest - Navigated to application url
21:09:38.057 [main] DEBUG tests.LoginTest - Clicked on myaccount dropdown
21:09:38.683 [main] DEBUG tests.LoginTest - Clicked on login option
21:09:41.775 [main] DEBUG tests.LoginTest - Email adress got entered
21:09:41.839 [main] DEBUG tests.LoginTest - Password got entered
21:09:42.675 [main] DEBUG tests.LoginTest - Login button got entered
21:09:42.745 [main] DEBUG tests.LoginTest - Login test got passed
21:09:42.855 [main] DEBUG tests.LoginTest - Browser got closed
21:45:34.499 [main] DEBUG tests.LoginTest - The browser got launched
21:45:42.115 [main] DEBUG tests.LoginTest - Navigated to application url
21:45:42.184 [main] DEBUG tests.LoginTest - Clicked on myaccount dropdown
21:45:42.537 [main] DEBUG tests.LoginTest - Clicked on login option
21:45:45.632 [main] DEBUG tests.LoginTest - Email adress got entered
21:45:45.694 [main] DEBUG tests.LoginTest - Password got entered
21:45:46.869 [main] DEBUG tests.LoginTest - Login button got entered
21:45:46.938 [main] DEBUG tests.LoginTest - Login test got passed
21:45:47.014 [main] DEBUG tests.LoginTest - Browser got closed
06:05:05.163 [main] DEBUG tests.LoginTest - The browser got launched
06:05:09.007 [main] DEBUG tests.LoginTest - Navigated to application url
06:05:09.125 [main] DEBUG tests.LoginTest - Clicked on myaccount dropdown
06:05:09.483 [main] DEBUG tests.LoginTest - Clicked on login option
06:05:12.622 [main] DEBUG tests.LoginTest - Email adress got entered
06:05:12.717 [main] DEBUG tests.LoginTest - Password got entered
06:05:13.222 [main] DEBUG tests.LoginTest - Login button got entered
06:05:13.320 [main] DEBUG tests.LoginTest - Login test got passed
06:05:13.434 [main] DEBUG tests.LoginTest - Browser got closed
